GROUP,PACKAGE,CLASS,INSTRUCTION_MISSED,INSTRUCTION_COVERED,BRANCH_MISSED,BRANCH_COVERED,LINE_MISSED,LINE_COVERED,COMPLEXITY_MISSED,COMPLEXITY_COVERED,METHOD_MISSED,METHOD_COVERED
estore-api,com.estore.api.estoreapi.persistence,CustomerFileDAO,0,267,1,15,0,54,1,20,0,13
estore-api,com.estore.api.estoreapi.persistence,CandyFileDAO,2,275,0,16,1,55,1,21,1,13
estore-api,com.estore.api.estoreapi,WebConfig,0,35,0,0,0,4,0,2,0,2
estore-api,com.estore.api.estoreapi,EstoreApiApplication,5,3,0,0,2,1,1,1,1,1
estore-api,com.estore.api.estoreapi.model,Customer,3,62,0,0,1,15,1,9,1,9
estore-api,com.estore.api.estoreapi.model,Candy,0,115,0,0,0,23,0,15,0,15
estore-api,com.estore.api.estoreapi.controller,CandyController,0,180,0,8,0,45,0,12,0,8
estore-api,com.estore.api.estoreapi.controller,CustomerController,0,588,0,52,0,121,0,35,0,9
