<?xml version="1.0" encoding="UTF-8"?>
<testsuite xmlns:xsi="http://www.w3.org/2001/XMLSchema-instance" xsi:noNamespaceSchemaLocation="https://maven.apache.org/surefire/maven-surefire-plugin/xsd/surefire-test-report.xsd" name="com.estore.api.estoreapi.controller.CandyControllerTest" time="0.973" tests="16" errors="0" skipped="0" failures="0">
  <properties>
[...]
</properties>
  <testcase name="testGetCandyNotFound" classname="com.estore.api.estoreapi.controller.CandyControllerTest" time="0.919"/>
  <testcase name="testDeleteCandyNotFound" classname="com.estore.api.estoreapi.controller.CandyControllerTest" time="0.001"/>
  <testcase name="testCreateCandyFailed" classname="com.estore.api.estoreapi.controller.CandyControllerTest" time="0.006"/>
  <testcase name="testDeleteCandy" classname="com.estore.api.estoreapi.controller.CandyControllerTest" time="0.002"/>
  <testcase name="testGetCandy" classname="com.estore.api.estoreapi.controller.CandyControllerTest" time="0.001"/>
  <testcase name="testUpdateCandy" classname="com.estore.api.estoreapi.controller.CandyControllerTest" time="0.003"/>
  <testcase name="testCreateCandy" classname="com.estore.api.estoreapi.controller.CandyControllerTest" time="0.002"/>
  <testcase name="testSearchCandiesHandleException" classname="com.estore.api.estoreapi.controller.CandyControllerTest" time="0.006"/>
  <testcase name="testSearchCandies" classname="com.estore.api.estoreapi.controller.CandyControllerTest" time="0.001"/>
  <testcase name="testGetCandiesHandleException" classname="com.estore.api.estoreapi.controller.CandyControllerTest" time="0.002"/>
  <testcase name="testCreateCandyHandleException" classname="com.estore.api.estoreapi.controller.CandyControllerTest" time="0.003"/>
  <testcase name="testGetCandyHandleException" classname="com.estore.api.estoreapi.controller.CandyControllerTest" time="0.002"/>
  <testcase name="testUpdateCandyFailed" classname="com.estore.api.estoreapi.controller.CandyControllerTest" time="0.002"/>
  <testcase name="testUpdateCandyHandleException" classname="com.estore.api.estoreapi.controller.CandyControllerTest" time="0.003"/>
  <testcase name="testGetCandies" classname="com.estore.api.estoreapi.controller.CandyControllerTest" time="0.001"/>
  <testcase name="testDeleteCandyHandleException" classname="com.estore.api.estoreapi.controller.CandyControllerTest" time="0.001"/>
</testsuite>